Flow report for cyMlp
Fri Sep 13 20:52:25 2024
Quartus II 64-Bit Version 13.0.1 Build 232 06/12/2013 Service Pack 1 SJ Web Edition


---------------------
; Table of Contents ;
---------------------
  1. Legal Notice
  2. Flow Summary
  3. Flow Settings
  4. Flow Non-Default Global Settings
  5. Flow Elapsed Time
  6. Flow OS Summary
  7. Flow Log
  8. Flow Messages
  9. Flow Suppressed Messages



----------------
; Legal Notice ;
----------------
Copyright (C) 1991-2013 Altera Corporation
Your use of Altera Corporation's design tools, logic functions 
and other software and tools, and its AMPP partner logic 
functions, and any output files from any of the foregoing 
(including device programming or simulation files), and any 
associated documentation or information are expressly subject 
to the terms and conditions of the Altera Program License 
Subscription Agreement, Altera MegaCore Function License 
Agreement, or other applicable license agreement, including, 
without limitation, that your use is for the sole purpose of 
programming logic devices manufactured by Altera and sold by 
Altera or its authorized distributors.  Please refer to the 
applicable agreement for further details.



+--------------------------------------------------------------------------------------+
; Flow Summary                                                                         ;
+------------------------------------+-------------------------------------------------+
; Flow Status                        ; Successful - Fri Sep 13 20:52:25 2024           ;
; Quartus II 64-Bit Version          ; 13.0.1 Build 232 06/12/2013 SP 1 SJ Web Edition ;
; Revision Name                      ; cyMlp                                           ;
; Top-level Entity Name              ; cyMlp                                           ;
; Family                             ; Cyclone II                                      ;
; Device                             ; EP2C35F672C6                                    ;
; Timing Models                      ; Final                                           ;
; Total logic elements               ; 32,905 / 33,216 ( 99 % )                        ;
;     Total combinational functions  ; 32,808 / 33,216 ( 99 % )                        ;
;     Dedicated logic registers      ; 8,322 / 33,216 ( 25 % )                         ;
; Total registers                    ; 8322                                            ;
; Total pins                         ; 138 / 475 ( 29 % )                              ;
; Total virtual pins                 ; 0                                               ;
; Total memory bits                  ; 114,048 / 483,840 ( 24 % )                      ;
; Embedded Multiplier 9-bit elements ; 70 / 70 ( 100 % )                               ;
; Total PLLs                         ; 0 / 4 ( 0 % )                                   ;
+------------------------------------+-------------------------------------------------+


+-----------------------------------------+
; Flow Settings                           ;
+-------------------+---------------------+
; Option            ; Setting             ;
+-------------------+---------------------+
; Start date & time ; 09/13/2024 20:40:09 ;
; Main task         ; Compilation         ;
; Revision Name     ; cyMlp               ;
+-------------------+---------------------+


+----------------------------------------------------------------------------------------------------------------------------+
; Flow Non-Default Global Settings                                                                                           ;
+-------------------------------------+---------------------------------------+---------------+-------------+----------------+
; Assignment Name                     ; Value                                 ; Default Value ; Entity Name ; Section Id     ;
+-------------------------------------+---------------------------------------+---------------+-------------+----------------+
; COMPILER_SIGNATURE_ID               ; 106024610623936.172624920701340       ; --            ; --          ; --             ;
; EDA_OUTPUT_DATA_FORMAT              ; Verilog Hdl                           ; --            ; --          ; eda_simulation ;
; EDA_SIMULATION_TOOL                 ; ModelSim-Altera (Verilog)             ; <None>        ; --          ; --             ;
; MAX_CORE_JUNCTION_TEMP              ; 85                                    ; --            ; --          ; --             ;
; MIN_CORE_JUNCTION_TEMP              ; 0                                     ; --            ; --          ; --             ;
; PARTITION_COLOR                     ; 16764057                              ; --            ; --          ; Top            ;
; PARTITION_FITTER_PRESERVATION_LEVEL ; PLACEMENT_AND_ROUTING                 ; --            ; --          ; Top            ;
; PARTITION_NETLIST_TYPE              ; SOURCE                                ; --            ; --          ; Top            ;
; POWER_BOARD_THERMAL_MODEL           ; None (CONSERVATIVE)                   ; --            ; --          ; --             ;
; POWER_PRESET_COOLING_SOLUTION       ; 23 MM HEAT SINK WITH 200 LFPM AIRFLOW ; --            ; --          ; --             ;
; PROJECT_OUTPUT_DIRECTORY            ; output_files                          ; --            ; --          ; --             ;
; SEARCH_PATH                         ; c:\altera\corelibrary                 ; --            ; --          ; --             ;
+-------------------------------------+---------------------------------------+---------------+-------------+----------------+


+-------------------------------------------------------------------------------------------------------------------------------+
; Flow Elapsed Time                                                                                                             ;
+---------------------------+--------------+-------------------------+---------------------+------------------------------------+
; Module Name               ; Elapsed Time ; Average Processors Used ; Peak Virtual Memory ; Total CPU Time (on all processors) ;
+---------------------------+--------------+-------------------------+---------------------+------------------------------------+
; Analysis & Synthesis      ; 00:02:49     ; 1.0                     ; 4817 MB             ; 00:02:45                           ;
; Fitter                    ; 00:08:08     ; 1.0                     ; 5265 MB             ; 00:08:04                           ;
; Assembler                 ; 00:00:06     ; 1.0                     ; 4672 MB             ; 00:00:06                           ;
; TimeQuest Timing Analyzer ; 00:00:14     ; 1.0                     ; 4942 MB             ; 00:00:13                           ;
; EDA Netlist Writer        ; 00:00:34     ; 1.0                     ; 4848 MB             ; 00:00:34                           ;
; Total                     ; 00:11:51     ; --                      ; --                  ; 00:11:42                           ;
+---------------------------+--------------+-------------------------+---------------------+------------------------------------+


+----------------------------------------------------------------------------------------+
; Flow OS Summary                                                                        ;
+---------------------------+------------------+-----------+------------+----------------+
; Module Name               ; Machine Hostname ; OS Name   ; OS Version ; Processor type ;
+---------------------------+------------------+-----------+------------+----------------+
; Analysis & Synthesis      ; DESKTOP-FFRC0S4  ; Windows 7 ; 6.2        ; x86_64         ;
; Fitter                    ; DESKTOP-FFRC0S4  ; Windows 7 ; 6.2        ; x86_64         ;
; Assembler                 ; DESKTOP-FFRC0S4  ; Windows 7 ; 6.2        ; x86_64         ;
; TimeQuest Timing Analyzer ; DESKTOP-FFRC0S4  ; Windows 7 ; 6.2        ; x86_64         ;
; EDA Netlist Writer        ; DESKTOP-FFRC0S4  ; Windows 7 ; 6.2        ; x86_64         ;
+---------------------------+------------------+-----------+------------+----------------+


------------
; Flow Log ;
------------
quartus_map --read_settings_files=on --write_settings_files=off thesisFinal -c cyMlp
quartus_fit --read_settings_files=off --write_settings_files=off thesisFinal -c cyMlp
quartus_asm --read_settings_files=off --write_settings_files=off thesisFinal -c cyMlp
quartus_sta thesisFinal -c cyMlp
quartus_eda --read_settings_files=off --write_settings_files=off thesisFinal -c cyMlp



