Flow report for NewLCD
Sun Nov 03 09:55:37 2013
Quartus II Version 9.1 Build 350 03/24/2010 Service Pack 2 SJ Web Edition


---------------------
; Table of Contents ;
---------------------
  1. Legal Notice
  2. Flow Summary
  3. Flow Settings
  4. Flow Non-Default Global Settings
  5. Flow Elapsed Time
  6. Flow OS Summary
  7. Flow Log



----------------
; Legal Notice ;
----------------
Copyright (C) 1991-2010 Altera Corporation
Your use of Altera Corporation's design tools, logic functions 
and other software and tools, and its AMPP partner logic 
functions, and any output files from any of the foregoing 
(including device programming or simulation files), and any 
associated documentation or information are expressly subject 
to the terms and conditions of the Altera Program License 
Subscription Agreement, Altera MegaCore Function License 
Agreement, or other applicable license agreement, including, 
without limitation, that your use is for the sole purpose of 
programming logic devices manufactured by Altera and sold by 
Altera or its authorized distributors.  Please refer to the 
applicable agreement for further details.



+-----------------------------------------------------------------------------------+
; Flow Summary                                                                      ;
+------------------------------------+----------------------------------------------+
; Flow Status                        ; Successful - Sun Nov 03 09:55:37 2013        ;
; Quartus II Version                 ; 9.1 Build 350 03/24/2010 SP 2 SJ Web Edition ;
; Revision Name                      ; NewLCD                                       ;
; Top-level Entity Name              ; NewLCD                                       ;
; Family                             ; Cyclone II                                   ;
; Device                             ; EP2C35F672C6                                 ;
; Timing Models                      ; Final                                        ;
; Met timing requirements            ; Yes                                          ;
; Total logic elements               ; 187 / 33,216 ( < 1 % )                       ;
;     Total combinational functions  ; 187 / 33,216 ( < 1 % )                       ;
;     Dedicated logic registers      ; 60 / 33,216 ( < 1 % )                        ;
; Total registers                    ; 60                                           ;
; Total pins                         ; 143 / 475 ( 30 % )                           ;
; Total virtual pins                 ; 0                                            ;
; Total memory bits                  ; 256 / 483,840 ( < 1 % )                      ;
; Embedded Multiplier 9-bit elements ; 0 / 70 ( 0 % )                               ;
; Total PLLs                         ; 0 / 4 ( 0 % )                                ;
+------------------------------------+----------------------------------------------+


+-----------------------------------------+
; Flow Settings                           ;
+-------------------+---------------------+
; Option            ; Setting             ;
+-------------------+---------------------+
; Start date & time ; 11/03/2013 09:55:02 ;
; Main task         ; Compilation         ;
; Revision Name     ; NewLCD              ;
+-------------------+---------------------+


+--------------------------------------------------------------------------------------------------------------------------------+
; Flow Non-Default Global Settings                                                                                               ;
+------------------------------------+--------------------------------------------+---------------+-------------+----------------+
; Assignment Name                    ; Value                                      ; Default Value ; Entity Name ; Section Id     ;
+------------------------------------+--------------------------------------------+---------------+-------------+----------------+
; COMPILER_SIGNATURE_ID              ; 107240649990.138346530101396               ; --            ; --          ; --             ;
; MAX_CORE_JUNCTION_TEMP             ; 85                                         ; --            ; --          ; --             ;
; MIN_CORE_JUNCTION_TEMP             ; 0                                          ; --            ; --          ; --             ;
; PARTITION_COLOR                    ; 16764057                                   ; --            ; --          ; Top            ;
; PARTITION_NETLIST_TYPE             ; SOURCE                                     ; --            ; --          ; Top            ;
; SEARCH_PATH                        ; C:\Users\kabousia\Data\Altera\CoreLibrary/ ; --            ; --          ; --             ;
; USE_GENERATED_PHYSICAL_CONSTRAINTS ; Off                                        ; --            ; --          ; eda_blast_fpga ;
+------------------------------------+--------------------------------------------+---------------+-------------+----------------+


+-----------------------------------------------------------------------------------------------------------------------------+
; Flow Elapsed Time                                                                                                           ;
+-------------------------+--------------+-------------------------+---------------------+------------------------------------+
; Module Name             ; Elapsed Time ; Average Processors Used ; Peak Virtual Memory ; Total CPU Time (on all processors) ;
+-------------------------+--------------+-------------------------+---------------------+------------------------------------+
; Analysis & Synthesis    ; 00:00:07     ; 1.0                     ; 226 MB              ; 00:00:06                           ;
; Fitter                  ; 00:00:16     ; 1.0                     ; 260 MB              ; 00:00:16                           ;
; Assembler               ; 00:00:05     ; 1.0                     ; 241 MB              ; 00:00:05                           ;
; Classic Timing Analyzer ; 00:00:02     ; 1.0                     ; 148 MB              ; 00:00:02                           ;
; Total                   ; 00:00:30     ; --                      ; --                  ; 00:00:29                           ;
+-------------------------+--------------+-------------------------+---------------------+------------------------------------+


+------------------------------------------------------------------------------------------+
; Flow OS Summary                                                                          ;
+-------------------------+------------------+---------------+------------+----------------+
; Module Name             ; Machine Hostname ; OS Name       ; OS Version ; Processor type ;
+-------------------------+------------------+---------------+------------+----------------+
; Analysis & Synthesis    ; kabousia-PC      ; Windows Vista ; 6.1        ; i1586          ;
; Fitter                  ; kabousia-PC      ; Windows Vista ; 6.1        ; i1586          ;
; Assembler               ; kabousia-PC      ; Windows Vista ; 6.1        ; i1586          ;
; Classic Timing Analyzer ; kabousia-PC      ; Windows Vista ; 6.1        ; i1586          ;
+-------------------------+------------------+---------------+------------+----------------+


------------
; Flow Log ;
------------
quartus_map --read_settings_files=on --write_settings_files=off NewLCD -c NewLCD
quartus_fit --read_settings_files=off --write_settings_files=off NewLCD -c NewLCD
quartus_asm --read_settings_files=off --write_settings_files=off NewLCD -c NewLCD
quartus_tan --read_settings_files=off --write_settings_files=off NewLCD -c NewLCD --timing_analysis_only



